20230113 Fetching packages.json for 0..z 
20230113 Compiling updateRevs.nim
20230113 Downloading into /tmp/pkgsRev/github.com/arturo-lang/arturo/refs/heads/fix-evaluator-issues
20230113 Downloading into /tmp/pkgsRev/github.com/obemaru4012/bamboo_websocket/refs/heads/0.3.2
20230113 Downloading into /tmp/pkgsRev/github.com/sealmove/binarylang/HEAD
20230113 cannot dump packageinfo.nim:270      findNimbleFile
20230113 
20230113  1
20230113 Downloading into /tmp/pkgsRev/github.com/arturo-lang/arturo/refs/heads/implement-ast
20230113 Downloading into /tmp/pkgsRev/github.com/status-im/chronos/refs/heads/bind-to-local-addr-new-connect
20230113 Downloading into /tmp/pkgsRev/github.com/juancarlospaco/cliche/HEAD
20230113 Downloading into /tmp/pkgsRev/github.com/sealmove/binarylang/refs/heads/main
20230113 cannot dump packageinfo.nim:270      findNimbleFile
20230113 
20230113  1
20230113 Downloading into /tmp/pkgsRev/github.com/zendbit/couchdbapi/HEAD
20230113 Downloading into /tmp/pkgsRev/github.com/BigEpsilon/cppstl/HEAD
20230113 Downloading into /tmp/pkgsRev/github.com/guzba/crunchy/HEAD
20230113 Downloading into /tmp/pkgsRev/github.com/guzba/depot/HEAD
20230113 Downloading into /tmp/pkgsRev/github.com/juancarlospaco/cliche/refs/heads/nim
20230113 Downloading into /tmp/pkgsRev/github.com/sealmove/binarylang/refs/tags/v0.8.0
20230113 Downloading into /tmp/pkgsRev/github.com/zendbit/couchdbapi/refs/heads/add-license-1
20230113 Downloading into /tmp/pkgsRev/github.com/BigEpsilon/cppstl/refs/heads/master
20230113 Downloading into /tmp/pkgsRev/github.com/guzba/crunchy/refs/heads/master
20230113 Downloading into /tmp/pkgsRev/github.com/guzba/depot/refs/heads/master
20230113 Downloading into /tmp/pkgsRev/github.com/status-im/faststreams/HEAD
20230113 Downloading into /tmp/pkgsRev/github.com/guzba/crunchy/refs/heads/ryan
20230113 Downloading into /tmp/pkgsRev/github.com/BigEpsilon/cppstl/refs/tags/v0.6.2
20230113 Downloading into /tmp/pkgsRev/github.com/zendbit/couchdbapi/refs/heads/main
20230113 Downloading into /tmp/pkgsRev/github.com/gcao/gene/refs/heads/issue50_thread_support_2
20230113 Downloading into /tmp/pkgsRev/github.com/guzba/depot/refs/heads/ryan
20230113 Downloading into /tmp/pkgsRev/github.com/status-im/faststreams/refs/heads/master
20230113 Downloading into /tmp/pkgsRev/github.com/nim-works/github-nim-works-cps/HEAD
20230113 Downloading into /tmp/pkgsRev/github.com/guzba/crunchy/refs/tags/0.1.1
20230113 Downloading into /tmp/pkgsRev/github.com/zendbit/couchdbapi/refs/tags/v0.0.1
20230113 Downloading into /tmp/pkgsRev/github.com/guzba/depot/refs/tags/0.2.3
20230113 Downloading into /tmp/pkgsRev/github.com/nim-works/github-nim-works-cps/refs/heads/master
20230113 Downloading into /tmp/pkgsRev/github.com/guzba/crunchy/refs/tags/0.1.2
20230113 Downloading into /tmp/pkgsRev/github.com/zendbit/couchdbapi/refs/tags/v0.0.2
20230113 Downloading into /tmp/pkgsRev/github.com/guzba/depot/refs/tags/0.2.4
20230113 Downloading into /tmp/pkgsRev/github.com/georgelemon/klymene/HEAD
20230113 Downloading into /tmp/pkgsRev/github.com/zendbit/couchdbapi/refs/tags/v0.0.3
20230113 Downloading into /tmp/pkgsRev/github.com/georgelemon/klymene/refs/heads/main
20230113 Downloading into /tmp/pkgsRev/github.com/zendbit/couchdbapi/refs/tags/v0.0.4
20230113 Downloading into /tmp/pkgsRev/github.com/fox0430/moe/HEAD
20230113 Downloading into /tmp/pkgsRev/github.com/georgelemon/klymene/refs/heads/rewrite
20230113 Downloading into /tmp/pkgsRev/github.com/nim-lang/nim/HEAD
20230113 Downloading into /tmp/pkgsRev/github.com/nim-lang/nimble/HEAD
20230113 Downloading into /tmp/pkgsRev/github.com/fox0430/moe/refs/heads/develop
20230113 Downloading into /tmp/pkgsRev/github.com/status-im/nimbus/HEAD
20230113 Downloading into /tmp/pkgsRev/github.com/nim-lang/nimble/refs/heads/master
20230113 Downloading into /tmp/pkgsRev/github.com/status-im/nimbus/refs/heads/master
20230113 Downloading into /tmp/pkgsRev/github.com/nim-lang/nim/refs/heads/araq-parseopt-changes
20230113 Downloading into /tmp/pkgsRev/github.com/openpeep/nyml/HEAD
20230113 Downloading into /tmp/pkgsRev/github.com/status-im/nimbus/refs/tags/nightly
20230113 Downloading into /tmp/pkgsRev/github.com/nim-lang/nim/refs/heads/devel
20230113 Downloading into /tmp/pkgsRev/github.com/openpeep/nyml/refs/heads/main
20230113 Downloading into /tmp/pkgsRev/github.com/status-im/protobuf_serialization/refs/heads/compute-size
20230113 Downloading into /tmp/pkgsRev/github.com/status-im/protobuf_serialization/refs/heads/newparser
20230113 Downloading into /tmp/pkgsRev/github.com/supranim/supranim/HEAD
20230113 Downloading into /tmp/pkgsRev/github.com/openpeep/tim/HEAD
20230113 Downloading into /tmp/pkgsRev/github.com/openpeep/toktok/HEAD
20230113 Downloading into /tmp/pkgsRev/github.com/supranim/supranim/refs/heads/main
20230113 Downloading into /tmp/pkgsRev/github.com/inv2004/ttop/HEAD
20230113 Downloading into /tmp/pkgsRev/github.com/openpeep/tim/refs/heads/main
20230113 Downloading into /tmp/pkgsRev/github.com/openpeep/toktok/refs/heads/main
20230113 Downloading into /tmp/pkgsRev/github.com/inv2004/ttop/refs/heads/gh/inv2004/0/base
20230113 Downloading into /tmp/pkgsRev/github.com/rockcavera/winversion/HEAD
20230113 Downloading into /tmp/pkgsRev/github.com/zendbit/yawd/HEAD
20230113 Downloading into /tmp/pkgsRev/github.com/inv2004/ttop/refs/heads/gh/inv2004/0/orig
20230113 Downloading into /tmp/pkgsRev/github.com/rockcavera/winversion/refs/heads/master
20230113 Downloading into /tmp/pkgsRev/github.com/zendbit/yawd/refs/heads/main
20230113 Downloading into /tmp/pkgsRev/github.com/inv2004/ttop/refs/heads/gh/inv2004/1/base
20230113 Downloading into /tmp/pkgsRev/github.com/rockcavera/winversion/refs/tags/v0.1.1
20230113 Downloading into /tmp/pkgsRev/github.com/zendbit/yawd/refs/tags/v0.0.1
20230113 Downloading into /tmp/pkgsRev/github.com/inv2004/ttop/refs/heads/gh/inv2004/1/orig
20230113 Downloading into /tmp/pkgsRev/github.com/rockcavera/winversion/refs/tags/v0.1.2
20230113 Downloading into /tmp/pkgsRev/github.com/inv2004/ttop/refs/heads/main
20230113 Downloading into /tmp/pkgsRev/github.com/inv2004/ttop/refs/heads/sapling-pr-archive-inv2004
20230113 Downloading into /tmp/pkgsRev/github.com/inv2004/ttop/refs/heads/tel
20230113 Fetching packages.json for 0..z 
20230113 Compiling updateRevs.nim
20230113 Downloading into /tmp/pkgsRev/github.com/yglukhov/nimx/HEAD
20230113 Downloading into /tmp/pkgsRev/github.com/yglukhov/nimx/refs/heads/master
20230117 Fetching packages.json for 0..z 
20230117 Compiling updateRevs.nim
20230117 Downloading into /tmp/pkgsRev/github.com/c-blake/adix/HEAD
20230117 Downloading into /tmp/pkgsRev/github.com/genkaisoft/apt_brain/HEAD
20230117 Downloading into /tmp/pkgsRev/github.com/ansiwave/ansiwave/HEAD
20230117 Downloading into /tmp/pkgsRev/github.com/status-im/bearssl/HEAD
20230117 Downloading into /tmp/pkgsRev/github.com/arturo-lang/arturo/refs/heads/implement-ast
20230117 Downloading into /tmp/pkgsRev/github.com/c-blake/adix/refs/heads/master
20230117 Downloading into /tmp/pkgsRev/github.com/Retkid/bitables/HEAD
20230117 cannot dump packageparser.nim:393    readPackageInfo
20230117 
20230117  1
20230117 Downloading into /tmp/pkgsRev/github.com/genkaisoft/apt_brain/refs/heads/main
20230117 Downloading into /tmp/pkgsRev/github.com/ansiwave/ansiwave/refs/heads/master
20230117 Downloading into /tmp/pkgsRev/github.com/c-blake/bu/HEAD
20230117 Downloading into /tmp/pkgsRev/github.com/nim-lang/c2nim/HEAD
20230117 cannot dump packageinfo.nim:270      findNimbleFile
20230117 
20230117  1
20230117 Downloading into /tmp/pkgsRev/github.com/status-im/chronicles/HEAD
20230117 Downloading into /tmp/pkgsRev/github.com/arturo-lang/arturo/refs/heads/new-vm-evaluator
20230117 Downloading into /tmp/pkgsRev/github.com/status-im/chronos/refs/heads/asyncproc
20230117 Downloading into /tmp/pkgsRev/github.com/juancarlospaco/cliche/HEAD
20230117 Downloading into /tmp/pkgsRev/github.com/status-im/bearssl/refs/heads/master
20230117 Downloading into /tmp/pkgsRev/github.com/C-NERD/clown_limiter/HEAD
20230117 Downloading into /tmp/pkgsRev/github.com/c-blake/adix/refs/tags/v0.4.6
20230117 Downloading into /tmp/pkgsRev/github.com/Retkid/bitables/refs/heads/main
20230117 Downloading into /tmp/pkgsRev/github.com/beef331/constructor/HEAD
20230117 cannot dump packageparser.nim:393    readPackageInfo
20230117 
20230117  1
20230117 Downloading into /tmp/pkgsRev/github.com/c-blake/cligen/refs/tags/v1.5.37
20230117 Downloading into /tmp/pkgsRev/github.com/c-blake/bu/refs/heads/main
20230117 Downloading into /tmp/pkgsRev/github.com/juancarlospaco/cpython/HEAD
20230117 cannot dump packageinfo.nim:270      findNimbleFile
20230117 
20230117  1
20230117 Downloading into /tmp/pkgsRev/github.com/nim-lang/c2nim/refs/heads/master
20230117 Downloading into /tmp/pkgsRev/github.com/guzba/crunchy/refs/heads/ryan
20230117 Downloading into /tmp/pkgsRev/github.com/status-im/chronicles/refs/heads/master
20230117 Downloading into /tmp/pkgsRev/github.com/Nycto/delaunay/HEAD
20230117 Downloading into /tmp/pkgsRev/github.com/status-im/chronos/refs/heads/bind-to-local-addr-new-connect
20230117 Downloading into /tmp/pkgsRev/github.com/C-NERD/clown_limiter/refs/heads/main
20230117 Downloading into /tmp/pkgsRev/github.com/juancarlospaco/cliche/refs/heads/nim
20230117 Downloading into /tmp/pkgsRev/github.com/krisppurg/dimscord/HEAD
20230117 Downloading into /tmp/pkgsRev/github.com/beef331/constructor/refs/heads/master
20230117 Downloading into /tmp/pkgsRev/github.com/c-blake/bu/refs/tags/0.5.10
20230117 Downloading into /tmp/pkgsRev/github.com/Infinitybeond1/dye/HEAD
20230117 Downloading into /tmp/pkgsRev/github.com/status-im/eth/HEAD
20230117 Downloading into /tmp/pkgsRev/github.com/status-im/chronos/refs/heads/fixflakyci
20230117 Downloading into /tmp/pkgsRev/github.com/krisppurg/dimscord/refs/heads/master
20230117 Downloading into /tmp/pkgsRev/git.ozzuu.com/thisago/ezscr/HEAD
20230117 Downloading into /tmp/pkgsRev/github.com/c-blake/fitl/HEAD
20230117 Downloading into /tmp/pkgsRev/github.com/Nycto/delaunay/refs/heads/master
20230117 Downloading into /tmp/pkgsRev/github.com/c-blake/bu/refs/tags/0.6.0
20230117 Downloading into /tmp/pkgsRev/github.com/eggplants/fushin/refs/heads/pre-commit-ci-update-config
20230117 Downloading into /tmp/pkgsRev/github.com/gcao/gene/refs/heads/issue50_thread_support_2
20230117 Downloading into /tmp/pkgsRev/github.com/status-im/chronos/refs/heads/procty
20230117 Downloading into /tmp/pkgsRev/github.com/status-im/eth/refs/heads/incomplete-tries
20230117 Downloading into /tmp/pkgsRev/codeberg.org/eris/eris/HEAD
20230117 Downloading into /tmp/pkgsRev/git.ozzuu.com/thisago/ezscr/refs/heads/master
20230117 Downloading into /tmp/pkgsRev/github.com/yglukhov/github-yglukhov-bearssl_pkey_decoder/HEAD
20230117 Downloading into /tmp/pkgsRev/github.com/c-blake/fitl/refs/heads/main
20230117 Downloading into /tmp/pkgsRev/github.com/c-blake/gralg/HEAD
20230117 Downloading into /tmp/pkgsRev/github.com/c-blake/bu/refs/tags/0.6.1
20230117 Downloading into /tmp/pkgsRev/github.com/Infinitybeond1/dye/refs/heads/main
20230117 Downloading into /tmp/pkgsRev/github.com/c-blake/hldiff/HEAD
20230117 Downloading into /tmp/pkgsRev/github.com/status-im/eth/refs/heads/master
20230117 Downloading into /tmp/pkgsRev/github.com/yglukhov/github-yglukhov-bearssl_pkey_decoder/refs/heads/master
20230117 Downloading into /tmp/pkgsRev/git.ozzuu.com/thisago/ezscr/refs/tags/4.3.0
20230117 Downloading into /tmp/pkgsRev/github.com/c-blake/fitl/refs/tags/0.3.1
20230117 Downloading into /tmp/pkgsRev/github.com/c-blake/gralg/refs/heads/main
20230117 Downloading into /tmp/pkgsRev/github.com/c-blake/bu/refs/tags/0.6.2
20230117 Downloading into /tmp/pkgsRev/github.com/c-blake/hldiff/refs/heads/master
20230117 Downloading into /tmp/pkgsRev/github.com/georgelemon/klymene/HEAD
20230117 Downloading into /tmp/pkgsRev/github.com/c-blake/kslog/HEAD
20230117 Downloading into /tmp/pkgsRev/github.com/c-blake/lc/HEAD
20230117 Downloading into /tmp/pkgsRev/github.com/Infinitybeond1/dye/refs/tags/v1.2.0
20230117 Downloading into /tmp/pkgsRev/github.com/c-blake/gralg/refs/tags/0.4.1
20230117 Downloading into /tmp/pkgsRev/github.com/status-im/libp2p/HEAD
20230117 Downloading into /tmp/pkgsRev/github.com/levovix0/localize/HEAD
20230117 Downloading into /tmp/pkgsRev/codeberg.org/eris/eris/refs/heads/trunk
20230117 Downloading into /tmp/pkgsRev/github.com/c-blake/hldiff/refs/tags/v0.8.1
20230117 Downloading into /tmp/pkgsRev/github.com/georgelemon/klymene/refs/heads/main
20230117 Downloading into /tmp/pkgsRev/github.com/c-blake/kslog/refs/heads/master
20230117 Downloading into /tmp/pkgsRev/github.com/c-blake/gralg/refs/tags/0.4.2
20230117 Downloading into /tmp/pkgsRev/github.com/h3rald/min/HEAD
20230117 Downloading into /tmp/pkgsRev/github.com/fox0430/moe/HEAD
20230117 Downloading into /tmp/pkgsRev/github.com/c-blake/lc/refs/heads/master
20230117 Downloading into /tmp/pkgsRev/github.com/status-im/libp2p/refs/heads/add-dial-peerid
20230117 Downloading into /tmp/pkgsRev/github.com/levovix0/localize/refs/heads/master
20230117 Downloading into /tmp/pkgsRev/github.com/planetis-m/naylib/HEAD
20230117 Downloading into /tmp/pkgsRev/github.com/NecsusECS/necsus/HEAD
20230117 Downloading into /tmp/pkgsRev/github.com/rockcavera/ndns/refs/heads/version-1
20230117 Downloading into /tmp/pkgsRev/github.com/Infinitybeond1/dye/refs/tags/v1.2.1
20230117 Downloading into /tmp/pkgsRev/github.com/elcritch/nesper/refs/heads/devel
20230117 Downloading into /tmp/pkgsRev/github.com/c-blake/kslog/refs/tags/v0.7
20230117 cannot dump packageparser.nim:393    readPackageInfo
20230117 
20230117  1
20230117 Downloading into /tmp/pkgsRev/github.com/h3rald/min/refs/heads/master
20230117 Downloading into /tmp/pkgsRev/github.com/fox0430/moe/refs/heads/develop
20230117 Downloading into /tmp/pkgsRev/github.com/c-blake/lc/refs/tags/v0.9.3
20230117 Downloading into /tmp/pkgsRev/github.com/SkyVault/nim_tiled/refs/heads/devel
20230117 Downloading into /tmp/pkgsRev/github.com/levovix0/localize/refs/tags/0.3
20230117 Downloading into /tmp/pkgsRev/github.com/planetis-m/naylib/refs/heads/main
20230117 Downloading into /tmp/pkgsRev/github.com/rockcavera/ndns/refs/tags/v0.1.2
20230117 Downloading into /tmp/pkgsRev/github.com/NecsusECS/necsus/refs/heads/collections
20230117 Downloading into /tmp/pkgsRev/github.com/status-im/nimbus/HEAD
20230117 Downloading into /tmp/pkgsRev/github.com/status-im/libp2p/refs/heads/quic
20230117 Downloading into /tmp/pkgsRev/github.com/nim-lang/nim/HEAD
20230117 Downloading into /tmp/pkgsRev/github.com/elcritch/nesper/refs/heads/devel-5.0-fixes
20230117 Downloading into /tmp/pkgsRev/github.com/juancarlospaco/cpython/refs/heads/nim
20230117 cannot dump packageparser.nim:393    readPackageInfo
20230117 
20230117  1
20230117 Downloading into /tmp/pkgsRev/github.com/h3rald/nimhttpd/HEAD
20230117 Downloading into /tmp/pkgsRev/github.com/NecsusECS/necsus/refs/heads/main
20230117 Downloading into /tmp/pkgsRev/github.com/status-im/libp2p/refs/heads/revert-autorelay-sleep
20230117 Downloading into /tmp/pkgsRev/github.com/status-im/nimbus/refs/heads/eof-suite
20230117 Downloading into /tmp/pkgsRev/github.com/guzba/nimsimd/HEAD
20230117 Downloading into /tmp/pkgsRev/github.com/nim-lang/nim/refs/heads/araq-parseopt-changes
20230117 Downloading into /tmp/pkgsRev/github.com/c-blake/nimp/HEAD
20230117 cannot dump packageparser.nim:393    readPackageInfo
20230117 
20230117  1
20230117 Downloading into /tmp/pkgsRev/github.com/h3rald/nimhttpd/refs/heads/master
20230117 Downloading into /tmp/pkgsRev/github.com/rockcavera/nint128/HEAD
20230117 Downloading into /tmp/pkgsRev/github.com/zevv/nmqtt/HEAD
20230117 Downloading into /tmp/pkgsRev/github.com/juancarlospaco/nodejs/HEAD
20230117 Downloading into /tmp/pkgsRev/github.com/yglukhov/nimx/HEAD
20230117 Downloading into /tmp/pkgsRev/github.com/gokr/norx/refs/heads/remapping-stuff
20230117 Downloading into /tmp/pkgsRev/github.com/zevv/npeg/HEAD
20230117 Downloading into /tmp/pkgsRev/github.com/openpeep/nyml/HEAD
20230117 Downloading into /tmp/pkgsRev/github.com/NecsusECS/necsus/refs/tags/0.1.0
20230117 Downloading into /tmp/pkgsRev/github.com/status-im/libp2p/refs/heads/unstable
20230117 Downloading into /tmp/pkgsRev/github.com/guzba/nimsimd/refs/heads/master
20230117 Downloading into /tmp/pkgsRev/github.com/c-blake/nimp/refs/heads/master
20230117 cannot dump packageparser.nim:393    readPackageInfo
20230117 
20230117  1
20230117 Downloading into /tmp/pkgsRev/github.com/h3rald/nimhttpd/refs/tags/v1.5.0
20230117 Downloading into /tmp/pkgsRev/github.com/rockcavera/nint128/refs/heads/main
20230117 Downloading into /tmp/pkgsRev/github.com/status-im/nimbus/refs/heads/master
20230117 Downloading into /tmp/pkgsRev/github.com/nim-lang/nim/refs/heads/devel
20230117 Downloading into /tmp/pkgsRev/github.com/zevv/nmqtt/refs/heads/master
20230117 Downloading into /tmp/pkgsRev/github.com/can-lehmann/owlkettle/HEAD
20230117 Downloading into /tmp/pkgsRev/github.com/yglukhov/nimx/refs/heads/master
20230117 Downloading into /tmp/pkgsRev/github.com/juancarlospaco/nodejs/refs/heads/main
20230117 Downloading into /tmp/pkgsRev/github.com/hdbg/pape/HEAD
20230117 Downloading into /tmp/pkgsRev/github.com/zevv/npeg/refs/heads/exception
20230117 Downloading into /tmp/pkgsRev/github.com/paranim/pararules/HEAD
20230117 Downloading into /tmp/pkgsRev/github.com/paranim/paravim/HEAD
20230117 Downloading into /tmp/pkgsRev/github.com/openpeep/nyml/refs/heads/main
20230117 Downloading into /tmp/pkgsRev/github.com/NecsusECS/necsus/refs/tags/0.2.0
20230117 Downloading into /tmp/pkgsRev/github.com/rockcavera/pcgbasic/HEAD
20230117 Downloading into /tmp/pkgsRev/github.com/guzba/nimsimd/refs/heads/ryan
20230117 cannot dump packageparser.nim:393    readPackageInfo
20230117 
20230117  1
20230117 Downloading into /tmp/pkgsRev/github.com/c-blake/nimp/refs/tags/v0.2.1
20230117 Downloading into /tmp/pkgsRev/github.com/rockcavera/nint128/refs/tags/v0.3.0
20230117 Downloading into /tmp/pkgsRev/github.com/treeform/pixie/HEAD
20230117 Downloading into /tmp/pkgsRev/github.com/can-lehmann/owlkettle/refs/heads/main
20230117 Downloading into /tmp/pkgsRev/github.com/zevv/nmqtt/refs/tags/v1.0.5
20230117 Downloading into /tmp/pkgsRev/github.com/c-blake/procs/HEAD
20230117 Downloading into /tmp/pkgsRev/github.com/hdbg/pape/refs/heads/master
20230117 Downloading into /tmp/pkgsRev/github.com/status-im/protobuf_serialization/refs/heads/newparser
20230117 Downloading into /tmp/pkgsRev/github.com/openpeep/nyml/refs/tags/0.1.1
20230117 Downloading into /tmp/pkgsRev/github.com/zevv/npeg/refs/heads/master
20230117 Downloading into /tmp/pkgsRev/github.com/nim-lang/nim/refs/heads/pr_installer
20230117 Downloading into /tmp/pkgsRev/github.com/paranim/pararules/refs/heads/master
20230117 Downloading into /tmp/pkgsRev/github.com/paranim/paravim/refs/heads/master
20230117 Downloading into /tmp/pkgsRev/github.com/treeform/puppy/HEAD
20230117 Downloading into /tmp/pkgsRev/github.com/rockcavera/pcgbasic/refs/heads/master
20230117 Downloading into /tmp/pkgsRev/github.com/NecsusECS/necsus/refs/tags/0.2.1
20230117 Downloading into /tmp/pkgsRev/github.com/status-im/nimbus/refs/heads/simplify-beacon-stream-pivot-update
20230117 Downloading into /tmp/pkgsRev/github.com/rockcavera/nint128/refs/tags/v0.3.1
20230117 Downloading into /tmp/pkgsRev/github.com/treeform/pixie/refs/heads/dev2
20230117 Downloading into /tmp/pkgsRev/github.com/c-blake/procs/refs/heads/master
20230117 Downloading into /tmp/pkgsRev/github.com/paranim/pararules/refs/tags/1.4.0
20230117 Downloading into /tmp/pkgsRev/github.com/treeform/puppy/refs/heads/guzba
20230117 Downloading into /tmp/pkgsRev/github.com/status-im/rocksdb/HEAD
20230117 Downloading into /tmp/pkgsRev/github.com/zevv/npeg/refs/tags/1.2.0
20230117 Downloading into /tmp/pkgsRev/github.com/nim-lang/nim/refs/heads/pr_typerightpass
20230117 Downloading into /tmp/pkgsRev/github.com/status-im/nimbus/refs/heads/speculative-execution
20230117 Downloading into /tmp/pkgsRev/github.com/treeform/pixie/refs/heads/guzba
20230117 Downloading into /tmp/pkgsRev/github.com/c-blake/procs/refs/tags/v0.5.1
20230117 Downloading into /tmp/pkgsRev/github.com/dom96/sass/HEAD
20230117 Downloading into /tmp/pkgsRev/github.com/inv2004/sensors/HEAD
20230117 Downloading into /tmp/pkgsRev/github.com/treeform/puppy/refs/heads/master
20230117 Downloading into /tmp/pkgsRev/github.com/jjv360/simpledb/HEAD
20230117 Downloading into /tmp/pkgsRev/github.com/treeform/pixie/refs/heads/master
20230117 Downloading into /tmp/pkgsRev/github.com/c-blake/procs/refs/tags/v0.5.2
20230117 Downloading into /tmp/pkgsRev/github.com/status-im/rocksdb/refs/heads/master
20230117 Downloading into /tmp/pkgsRev/github.com/dom96/sass/refs/heads/master
20230117 Downloading into /tmp/pkgsRev/github.com/nim-lang/nim/refs/heads/pr_unittest
20230117 Downloading into /tmp/pkgsRev/github.com/status-im/nimbus/refs/heads/time-based-forking
20230117 Downloading into /tmp/pkgsRev/github.com/inv2004/sensors/refs/heads/main
20230117 Downloading into /tmp/pkgsRev/github.com/treeform/puppy/refs/tags/2.0.3
20230117 Downloading into /tmp/pkgsRev/github.com/jjv360/simpledb/refs/heads/main
20230117 Downloading into /tmp/pkgsRev/github.com/status-im/std_shims/HEAD
20230117 Downloading into /tmp/pkgsRev/github.com/status-im/stew/HEAD
20230117 Downloading into /tmp/pkgsRev/github.com/c-blake/procs/refs/tags/v0.5.3
20230117 Downloading into /tmp/pkgsRev/github.com/c-blake/suggest/HEAD
20230117 Downloading into /tmp/pkgsRev/git.ozzuu.com/thisago/subscribestar/HEAD
20230117 Downloading into /tmp/pkgsRev/github.com/supranim/supranim/HEAD
20230117 Downloading into /tmp/pkgsRev/github.com/status-im/nimbus/refs/tags/nightly
20230117 Downloading into /tmp/pkgsRev/github.com/jjv360/simpledb/refs/heads/websupport
20230117 Downloading into /tmp/pkgsRev/github.com/status-im/std_shims/refs/heads/master
20230117 Downloading into /tmp/pkgsRev/github.com/status-im/stew/refs/heads/master
20230117 Downloading into /tmp/pkgsRev/github.com/c-blake/thes/HEAD
20230117 Downloading into /tmp/pkgsRev/github.com/openpeep/tim/HEAD
20230117 Downloading into /tmp/pkgsRev/git.ozzuu.com/thisago/subscribestar/refs/heads/master
20230117 Downloading into /tmp/pkgsRev/github.com/supranim/supranim/refs/heads/main
20230117 Downloading into /tmp/pkgsRev/github.com/c-blake/suggest/refs/heads/master
20230117 Downloading into /tmp/pkgsRev/github.com/status-im/nimbus/refs/tags/sim-stat
20230117 Downloading into /tmp/pkgsRev/github.com/jjv360/simpledb/refs/tags/v0.1.0
20230117 Downloading into /tmp/pkgsRev/github.com/juancarlospaco/tradingview/HEAD
20230117 Downloading into /tmp/pkgsRev/github.com/inv2004/ttop/HEAD
20230117 Downloading into /tmp/pkgsRev/github.com/c-blake/thes/refs/heads/main
20230117 Downloading into /tmp/pkgsRev/github.com/openpeep/tim/refs/heads/main
20230117 Downloading into /tmp/pkgsRev/github.com/c-blake/suggest/refs/tags/v.13
20230117 Downloading into /tmp/pkgsRev/github.com/yglukhov/variant/HEAD
20230117 Downloading into /tmp/pkgsRev/github.com/juancarlospaco/tradingview/refs/heads/nim
20230117 Downloading into /tmp/pkgsRev/github.com/inv2004/ttop/refs/heads/main
20230117 Downloading into /tmp/pkgsRev/github.com/status-im/web3/HEAD
20230117 Downloading into /tmp/pkgsRev/github.com/c-blake/thes/refs/tags/0.4.1
20230117 Downloading into /tmp/pkgsRev/github.com/treeform/webby/webby/HEAD
20230117 Downloading into /tmp/pkgsRev/github.com/juancarlospaco/webgui/HEAD
20230117 Downloading into /tmp/pkgsRev/github.com/binhonglee/wings/HEAD
20230117 Downloading into /tmp/pkgsRev/github.com/rockcavera/winversion/HEAD
20230117 Downloading into /tmp/pkgsRev/github.com/yglukhov/variant/refs/heads/master
20230117 Downloading into /tmp/pkgsRev/github.com/inv2004/ttop/refs/heads/tel
20230117 Downloading into /tmp/pkgsRev/github.com/treeform/webby/webby/refs/heads/dev
20230117 Downloading into /tmp/pkgsRev/github.com/juancarlospaco/webgui/refs/heads/master
20230117 Downloading into /tmp/pkgsRev/github.com/c-blake/thes/refs/tags/0.4.2
20230117 Downloading into /tmp/pkgsRev/github.com/status-im/web3/refs/heads/master
20230117 Downloading into /tmp/pkgsRev/github.com/zws-im/zws/HEAD
20230117 Downloading into /tmp/pkgsRev/github.com/rockcavera/winversion/refs/heads/master
20230117 Downloading into /tmp/pkgsRev/github.com/binhonglee/wings/refs/heads/devel
20230117 Downloading into /tmp/pkgsRev/github.com/yglukhov/variant/refs/tags/v0.2.13
20230117 Downloading into /tmp/pkgsRev/github.com/inv2004/ttop/refs/tags/v0.5.4
20230117 Downloading into /tmp/pkgsRev/github.com/treeform/webby/webby/refs/heads/master
20230117 Downloading into /tmp/pkgsRev/github.com/rockcavera/winversion/refs/tags/v0.1.3
20230117 Downloading into /tmp/pkgsRev/github.com/zws-im/zws/refs/heads/main
20230117 Downloading into /tmp/pkgsRev/github.com/inv2004/ttop/refs/tags/v0.5.5
20230117 Downloading into /tmp/pkgsRev/github.com/treeform/webby/webby/refs/heads/ryan
20230117 Downloading into /tmp/pkgsRev/github.com/zws-im/zws/refs/heads/renovate/major-semantic-release-monorepo
20230117 Downloading into /tmp/pkgsRev/github.com/treeform/webby/webby/refs/tags/0.1.5
20230117 Downloading into /tmp/pkgsRev/github.com/treeform/webby/webby/refs/tags/0.1.6
20230119 Fetching packages.json for 0..z 
20230119 Compiling updateRevs.nim
20230119 Downloading into /tmp/pkgsRev/github.com/arturo-lang/arturo/refs/heads/attach-opcode-to-builtin-functions
20230119 Downloading into /tmp/pkgsRev/git.sr.ht/~xigoi/aspartame/HEAD
20230119 cannot dump packageinfo.nim:270      findNimbleFile
20230119 
20230119  1
20230119 Downloading into /tmp/pkgsRev/git.sr.ht/~xigoi/aspartame/refs/heads/master
20230119 Downloading into /tmp/pkgsRev/github.com/arturo-lang/arturo/refs/heads/eliminate-newline-values-and-fix-error-system
20230119 Downloading into /tmp/pkgsRev/github.com/c-blake/bu/HEAD
20230119 Downloading into /tmp/pkgsRev/github.com/disruptek/bump/HEAD
20230119 Downloading into /tmp/pkgsRev/github.com/status-im/chronos/HEAD
20230119 Downloading into /tmp/pkgsRev/git.sr.ht/~xigoi/aspartame/refs/tags/2022.11.23
20230119 cannot dump packageinfo.nim:270      findNimbleFile
20230119 
20230119  1
20230119 Downloading into /tmp/pkgsRev/github.com/arturo-lang/arturo/refs/heads/new-vm-evaluator
20230119 Downloading into /tmp/pkgsRev/github.com/juancarlospaco/cpython/HEAD
20230119 Downloading into /tmp/pkgsRev/github.com/disruptek/bump/refs/heads/master
20230119 Downloading into /tmp/pkgsRev/github.com/c-blake/bu/refs/heads/main
20230119 Downloading into /tmp/pkgsRev/github.com/guzba/crunchy/refs/heads/ryan
20230119 Downloading into /tmp/pkgsRev/git.sr.ht/~xigoi/aspartame/refs/tags/2023.1.19
20230119 Downloading into /tmp/pkgsRev/github.com/status-im/chronos/refs/heads/asyncproc
20230119 cannot dump packageinfo.nim:270      findNimbleFile
20230119 
20230119  1
20230119 Downloading into /tmp/pkgsRev/github.com/status-im/chronos/refs/heads/bind-to-local-addr-new-connect
20230119 Downloading into /tmp/pkgsRev/github.com/status-im/eth/refs/heads/supportsClear
20230119 Downloading into /tmp/pkgsRev/git.sr.ht/~ehmry/getdns/HEAD
20230119 Downloading into /tmp/pkgsRev/github.com/guibar64/formatstr/HEAD
20230119 Downloading into /tmp/pkgsRev/github.com/disruptek/github-disruptek-balls/refs/heads/v4
20230119 Downloading into /tmp/pkgsRev/codeberg.org/eris/eris/HEAD
20230119 Downloading into /tmp/pkgsRev/github.com/nim-works/github-nim-works-cps/HEAD
20230119 Downloading into /tmp/pkgsRev/github.com/status-im/chronos/refs/heads/implicit-return
20230119 Downloading into /tmp/pkgsRev/git.sr.ht/~ehmry/getdns/refs/heads/trunk
20230119 Downloading into /tmp/pkgsRev/github.com/planetis-m/gnuplotlib/HEAD
20230119 Downloading into /tmp/pkgsRev/github.com/guibar64/formatstr/refs/heads/main
20230119 Downloading into /tmp/pkgsRev/github.com/nim-works/github-nim-works-cps/refs/heads/master
20230119 Downloading into /tmp/pkgsRev/github.com/status-im/chronos/refs/heads/master
20230119 Downloading into /tmp/pkgsRev/github.com/planetis-m/gnuplotlib/refs/heads/main
20230119 Downloading into /tmp/pkgsRev/codeberg.org/eris/eris/refs/heads/erislink
20230119 Downloading into /tmp/pkgsRev/github.com/guibar64/formatstr/refs/tags/v0.2.1
20230119 Downloading into /tmp/pkgsRev/github.com/karaxnim/karax/karax/HEAD
20230119 Downloading into /tmp/pkgsRev/github.com/georgelemon/klymene/HEAD
20230119 Downloading into /tmp/pkgsRev/github.com/planetis-m/gnuplotlib/refs/tags/v2.7.1
20230119 Downloading into /tmp/pkgsRev/github.com/status-im/chronos/refs/heads/raisetracking
20230119 Downloading into /tmp/pkgsRev/codeberg.org/eris/eris/refs/heads/trunk
20230119 Downloading into /tmp/pkgsRev/github.com/karaxnim/karax/karax/refs/heads/master
20230119 Downloading into /tmp/pkgsRev/github.com/status-im/libp2p/refs/heads/add-dial-peerid
20230119 Downloading into /tmp/pkgsRev/github.com/fox0430/moe/HEAD
20230119 Downloading into /tmp/pkgsRev/github.com/georgelemon/klymene/refs/heads/main
20230119 Downloading into /tmp/pkgsRev/github.com/planetis-m/naylib/HEAD
20230119 Downloading into /tmp/pkgsRev/github.com/status-im/libp2p/refs/heads/expectconnection
20230119 Downloading into /tmp/pkgsRev/github.com/fox0430/moe/refs/heads/develop
20230119 Downloading into /tmp/pkgsRev/github.com/planetis-m/naylib/refs/heads/main
20230119 Downloading into /tmp/pkgsRev/github.com/nim-lang/nim/HEAD
20230119 Downloading into /tmp/pkgsRev/github.com/status-im/nimbus/HEAD
20230119 Downloading into /tmp/pkgsRev/github.com/juancarlospaco/cpython/refs/heads/nim
20230119 Downloading into /tmp/pkgsRev/github.com/status-im/libp2p/refs/heads/fixautonatservice
20230119 Downloading into /tmp/pkgsRev/github.com/planetis-m/naylib/refs/tags/v1.11.2
20230119 Downloading into /tmp/pkgsRev/github.com/yglukhov/nimx/HEAD
20230119 Downloading into /tmp/pkgsRev/github.com/status-im/nimbus/refs/heads/add-snap-protocol-service-stub
20230119 Downloading into /tmp/pkgsRev/github.com/nim-lang/nim/refs/heads/devel
20230119 Downloading into /tmp/pkgsRev/github.com/status-im/libp2p/refs/heads/hole-punching
20230119 Downloading into /tmp/pkgsRev/github.com/yglukhov/nimx/refs/heads/master
20230119 Downloading into /tmp/pkgsRev/github.com/status-im/nimbus/refs/heads/master
20230119 Downloading into /tmp/pkgsRev/github.com/nim-lang/nim/refs/heads/pr_deadcode
20230119 Downloading into /tmp/pkgsRev/github.com/status-im/nimbus/refs/heads/only-header-with-proof
20230119 Downloading into /tmp/pkgsRev/github.com/nim-lang/nim/refs/heads/pr_io_line
20230119 Downloading into /tmp/pkgsRev/github.com/inv2004/sensors/HEAD
20230119 Downloading into /tmp/pkgsRev/github.com/status-im/nimbus/refs/heads/status_go_static
20230119 Downloading into /tmp/pkgsRev/github.com/inv2004/sensors/refs/heads/main
20230119 Downloading into /tmp/pkgsRev/github.com/status-im/std_shims/HEAD
20230119 Downloading into /tmp/pkgsRev/github.com/status-im/stew/HEAD
20230119 Downloading into /tmp/pkgsRev/github.com/nim-lang/nim/refs/heads/pr_path_relative
20230119 Downloading into /tmp/pkgsRev/github.com/openpeep/tim/HEAD
20230119 Downloading into /tmp/pkgsRev/github.com/inv2004/sensors/refs/tags/v0.2.2
20230119 Downloading into /tmp/pkgsRev/github.com/status-im/nimbus/refs/tags/nightly
20230119 Downloading into /tmp/pkgsRev/github.com/status-im/std_shims/refs/heads/assign-result
20230119 Downloading into /tmp/pkgsRev/github.com/PhilippMDoerner/tinypool/refs/heads/nim2
20230119 Downloading into /tmp/pkgsRev/github.com/status-im/stew/refs/heads/assign-result
20230119 Downloading into /tmp/pkgsRev/github.com/inv2004/ttop/HEAD
20230119 Downloading into /tmp/pkgsRev/github.com/openpeep/tim/refs/heads/main
20230119 Downloading into /tmp/pkgsRev/github.com/nim-lang/nim/refs/heads/version-1-6
20230119 Downloading into /tmp/pkgsRev/github.com/status-im/std_shims/refs/heads/master
20230119 Downloading into /tmp/pkgsRev/github.com/status-im/stew/refs/heads/master
20230119 Downloading into /tmp/pkgsRev/github.com/inv2004/ttop/refs/heads/main
20230119 Downloading into /tmp/pkgsRev/github.com/status-im/web3/HEAD
20230119 Downloading into /tmp/pkgsRev/github.com/status-im/std_shims/refs/heads/results-field-access
20230119 Downloading into /tmp/pkgsRev/github.com/status-im/stew/refs/heads/results-field-access
20230119 Downloading into /tmp/pkgsRev/github.com/inv2004/ttop/refs/tags/v0.5.6
20230119 Downloading into /tmp/pkgsRev/github.com/status-im/web3/refs/heads/master
20230119 Downloading into /tmp/pkgsRev/github.com/inv2004/ttop/refs/tags/v0.6.1
20230119 Downloading into /tmp/pkgsRev/github.com/inv2004/ttop/refs/tags/v0.6.2
